{
  "stats": {
    "suites": 1,
    "tests": 4,
    "passes": 3,
    "pending": 0,
    "failures": 1,
    "start": "2024-05-15T21:10:47.551Z",
    "end": "2024-05-15T21:10:47.791Z",
    "duration": 240,
    "testsRegistered": 4,
    "passPercent": 75,
    "pendingPercent": 0,
    "other": 0,
    "hasOther": false,
    "skipped": 0,
    "hasSkipped": false
  },
  "results": [
    {
      "uuid": "f11c69d7-984a-4f26-b40d-01c3b654f293",
      "title": "",
      "fullFile": "/Users/ikshitamadhub/Documents/ikshitaProjects/assignment/test/test.js",
      "file": "/test/test.js",
      "beforeHooks": [],
      "afterHooks": [],
      "tests": [],
      "suites": [
        {
          "uuid": "8ef86ab1-d4a4-4630-a188-55abfefb4e3d",
          "title": "Files generated by Target host",
          "fullFile": "/Users/ikshitamadhub/Documents/ikshitaProjects/assignment/test/test.js",
          "file": "/test/test.js",
          "beforeHooks": [],
          "afterHooks": [],
          "tests": [
            {
              "title": "Validates data received on Target hosts",
              "fullTitle": "Files generated by Target host Validates data received on Target hosts",
              "timedOut": false,
              "duration": 170,
              "state": "failed",
              "speed": null,
              "pass": false,
              "fail": true,
              "pending": false,
              "context": null,
              "code": "const originalData = fs.readFileSync('./agent/inputs/large_1M_events.log', 'utf-8');\nconst target1Data = fs.readFileSync('events-target_1.log', 'utf-8');\nconst target2Data = fs.readFileSync('events-target_2.log', 'utf-8');\nconst combinedData = target1Data + target2Data\n// Split the contents of originalData and combinedData into arrays of lines\nconst originalLines = originalData.split('\\n').filter(line => line.trim() !== '');\nconst combinedLines = combinedData.split('\\n').filter(line => line.trim() !== '');\n// Check if every line in originalData is present in combinedData\nconst allLinesInOriginalExistInCombined = originalLines.every(line => combinedLines.includes(line));\nexpect(allLinesInOriginalExistInCombined).to.equal(true);",
              "err": {
                "message": "AssertionError: expected false to equal true",
                "estack": "AssertionError: expected false to equal true\n    at Context.<anonymous> (file:///Users/ikshitamadhub/Documents/ikshitaProjects/assignment/test/test.js:21:54)\n    at process.processImmediate (node:internal/timers:478:21)",
                "diff": "- false\n+ true\n"
              },
              "uuid": "a3c6e3d9-4e44-476f-a4b7-d992ebb97281",
              "parentUUID": "8ef86ab1-d4a4-4630-a188-55abfefb4e3d",
              "isHook": false,
              "skipped": false
            },
            {
              "title": "Validates files generated by Target hosts are not empty",
              "fullTitle": "Files generated by Target host Validates files generated by Target hosts are not empty",
              "timedOut": false,
              "duration": 18,
              "state": "passed",
              "speed": "fast",
              "pass": true,
              "fail": false,
              "pending": false,
              "context": null,
              "code": "const target1Data = fs.readFileSync('events-target_1.log', 'utf-8');\nconst target2Data = fs.readFileSync('events-target_2.log', 'utf-8');\n    \n// Check if the length of data in each file is greater than 0\nexpect(target1Data.length).to.be.above(0);\nexpect(target2Data.length).to.be.above(0);",
              "err": {},
              "uuid": "e5c64308-9ab2-4e4f-862f-8f81d880a4fe",
              "parentUUID": "8ef86ab1-d4a4-4630-a188-55abfefb4e3d",
              "isHook": false,
              "skipped": false
            },
            {
              "title": "Validates uniformity of data distribution between Target hosts",
              "fullTitle": "Files generated by Target host Validates uniformity of data distribution between Target hosts",
              "timedOut": false,
              "duration": 18,
              "state": "passed",
              "speed": "fast",
              "pass": true,
              "fail": false,
              "pending": false,
              "context": null,
              "code": "// check if data has been distributed almost evenly between the two targets\nconst target1Data = fs.readFileSync('events-target_1.log', 'utf-8');\nconst target2Data = fs.readFileSync('events-target_2.log', 'utf-8');\n\nconst target1DataLength = target1Data.length;\nconst target2DataLength = target2Data.length;\nconst totalDataLength = target1DataLength + target2DataLength;\n    \n// Calculate percentage difference between data lengths\nconst percentageDifference = Math.abs((target1DataLength - target2DataLength) / totalDataLength) * 100;\n    \n// Allow up to 50% difference in data length\nexpect(percentageDifference).to.be.at.most(50);",
              "err": {},
              "uuid": "3e48fef5-5f5d-4409-b020-3ffa81c29d54",
              "parentUUID": "8ef86ab1-d4a4-4630-a188-55abfefb4e3d",
              "isHook": false,
              "skipped": false
            },
            {
              "title": "Validates completeness of data on Target nodes",
              "fullTitle": "Files generated by Target host Validates completeness of data on Target nodes",
              "timedOut": false,
              "duration": 30,
              "state": "passed",
              "speed": "fast",
              "pass": true,
              "fail": false,
              "pending": false,
              "context": null,
              "code": "// check if all the data has been sent to the 2 target hosts\nconst originalData = fs.readFileSync('./agent/inputs/large_1M_events.log', 'utf-8');\nconst target1Data = fs.readFileSync('events-target_1.log', 'utf-8');\nconst target2Data = fs.readFileSync('events-target_2.log', 'utf-8');\n    \n// Combine data received on both target nodes\nconst combinedData = target1Data + target2Data;\n    \n// Validate if combined data is equal to the original data\nexpect(combinedData).to.have.lengthOf(originalData.length);",
              "err": {},
              "uuid": "6c62cd4c-1e92-469f-8535-e87d0873c178",
              "parentUUID": "8ef86ab1-d4a4-4630-a188-55abfefb4e3d",
              "isHook": false,
              "skipped": false
            }
          ],
          "suites": [],
          "passes": [
            "e5c64308-9ab2-4e4f-862f-8f81d880a4fe",
            "3e48fef5-5f5d-4409-b020-3ffa81c29d54",
            "6c62cd4c-1e92-469f-8535-e87d0873c178"
          ],
          "failures": [
            "a3c6e3d9-4e44-476f-a4b7-d992ebb97281"
          ],
          "pending": [],
          "skipped": [],
          "duration": 236,
          "root": false,
          "rootEmpty": false,
          "_timeout": 5000
        }
      ],
      "passes": [],
      "failures": [],
      "pending": [],
      "skipped": [],
      "duration": 0,
      "root": true,
      "rootEmpty": true,
      "_timeout": 5000
    }
  ],
  "meta": {
    "mocha": {
      "version": "10.4.0"
    },
    "mochawesome": {
      "options": {
        "quiet": false,
        "reportFilename": "mochawesome",
        "saveHtml": true,
        "saveJson": true,
        "consoleReporter": "spec",
        "useInlineDiffs": false,
        "code": true
      },
      "version": "7.1.3"
    },
    "marge": {
      "options": {
        "cdn": "true"
      },
      "version": "6.2.0"
    }
  }
}